<?xml version='1.0' encoding='UTF-8' ?>
<testsuite tests="0" failures="0" errors="0" skipped="0" time="1.744193650946E9" timestamp="2025-04-09T10:14:10" hostname="localhost">
  <properties>
    <property name="device" value="Medium_Phone_API_36(AVD) - 16" />
    <property name="flavor" value="" />
    <property name="project" value=":app" />
  </properties>
</testsuite>